2026-01-07T18:58:52.456Z [info] FUXA V.1.2.8-2638
2026-01-07T18:58:52.460Z [info] daqstorage: init successful!
2026-01-07T18:58:52.936Z [info] api: init successful!
2026-01-07T18:58:52.940Z [info] plugin-installed ads-client 2.1.0
2026-01-07T18:58:52.941Z [info] plugin-installed node-opcua 2.149.0
2026-01-07T18:58:52.941Z [info] plugin-installed modbus-serial 8.0.19
2026-01-07T18:58:52.941Z [info] plugin-installed node-bacnet 0.2.4
2026-01-07T18:58:52.941Z [info] plugin-installed odbc 2.4.9
2026-01-07T18:58:52.941Z [info] plugin-installed node-red 4.1.1
2026-01-07T18:58:52.941Z [info] runtime init plugins successful!
2026-01-07T18:58:52.943Z [info] currentstorage.connected-to /usr/src/app/FUXA/server/_db/currentTagReadings.db database
2026-01-07T18:58:52.944Z [info] apiKeysStorage.connected /usr/src/app/FUXA/server/_appdata/apikeys.fuxap.db database
2026-01-07T18:58:52.944Z [info] prjstorage.connected-to /usr/src/app/FUXA/server/_appdata/project.fuxap.db database
2026-01-07T18:58:52.944Z [info] usrstorage.connected /usr/src/app/FUXA/server/_appdata/users.fuxap.db database
2026-01-07T18:58:52.960Z [info] currentstorage init successful!
2026-01-07T18:58:52.965Z [info] apikeys.apiKeysStorage-init successful!
2026-01-07T18:58:52.965Z [info] runtime init apiKeys successful!
2026-01-07T18:58:52.970Z [info] runtime init scheduler services successful!
2026-01-07T18:58:52.972Z [info] users.usrstorage-init successful!
2026-01-07T18:58:53.108Z [info] project.prjstorage-init-successful!
2026-01-07T18:58:53.110Z [info] users.usrstorage-set-default successful!
2026-01-07T18:58:53.111Z [info] runtime init users successful!
2026-01-07T18:58:53.113Z [info] project.prjstorage-set-default-successful!
2026-01-07T18:58:53.113Z [info] runtime init project successful!
2026-01-07T18:58:53.113Z [info] FUXA init in  671ms.
2026-01-07T18:58:53.117Z [info] daqstorage reset!
2026-01-07T18:58:53.117Z [info] alarms check start
2026-01-07T18:58:53.117Z [info] notificator check start
2026-01-07T18:58:53.117Z [info] scripts.start-checkstatus
2026-01-07T18:58:53.117Z [info] jobs check start
2026-01-07T18:58:53.118Z [info] FUXA started!
2026-01-07T18:58:54.115Z [info] [Node-RED] Started at /nodered
2026-01-07T18:58:54.117Z [info] WebServer is running http://127.0.0.1:1881/
2026-01-07T18:58:54.118Z [info] alarmsstorage.connected-to /usr/src/app/FUXA/server/_appdata/alarms.fuxap.db database.
2026-01-07T18:58:54.123Z [info] alarms.alarmstorage-init-successful!
