2026-01-07T15:04:09.726Z [info] FUXA V.1.2.8-2638
2026-01-07T15:04:09.730Z [info] daqstorage: init successful!
2026-01-07T15:04:10.175Z [info] api: init successful!
2026-01-07T15:04:10.178Z [info] plugin-installed ads-client 2.1.0
2026-01-07T15:04:10.179Z [info] plugin-installed node-opcua 2.149.0
2026-01-07T15:04:10.179Z [info] plugin-installed modbus-serial 8.0.19
2026-01-07T15:04:10.179Z [info] plugin-installed node-bacnet 0.2.4
2026-01-07T15:04:10.179Z [info] plugin-installed odbc 2.4.9
2026-01-07T15:04:10.179Z [info] plugin-installed node-red 4.1.1
2026-01-07T15:04:10.179Z [info] runtime init plugins successful!
2026-01-07T15:04:10.180Z [info] currentstorage.connected-to /usr/src/app/FUXA/server/_db/currentTagReadings.db database
2026-01-07T15:04:10.182Z [info] usrstorage.connected /usr/src/app/FUXA/server/_appdata/users.fuxap.db database
2026-01-07T15:04:10.183Z [info] prjstorage.connected-to /usr/src/app/FUXA/server/_appdata/project.fuxap.db database
2026-01-07T15:04:10.183Z [info] apiKeysStorage.connected /usr/src/app/FUXA/server/_appdata/apikeys.fuxap.db database
2026-01-07T15:04:10.358Z [info] currentstorage init successful!
2026-01-07T15:04:10.361Z [info] apikeys.apiKeysStorage-init successful!
2026-01-07T15:04:10.361Z [info] runtime init apiKeys successful!
2026-01-07T15:04:10.369Z [info] runtime init scheduler services successful!
2026-01-07T15:04:10.374Z [info] users.usrstorage-init successful!
2026-01-07T15:04:10.498Z [info] project.prjstorage-init-successful!
2026-01-07T15:04:10.530Z [info] users.usrstorage-set-default successful!
2026-01-07T15:04:10.530Z [info] runtime init users successful!
2026-01-07T15:04:10.533Z [info] project.prjstorage-set-default-successful!
2026-01-07T15:04:10.533Z [info] runtime init project successful!
2026-01-07T15:04:10.534Z [info] FUXA init in  818ms.
2026-01-07T15:04:10.539Z [info] daqstorage reset!
2026-01-07T15:04:10.540Z [info] alarms check start
2026-01-07T15:04:10.540Z [info] notificator check start
2026-01-07T15:04:10.540Z [info] scripts.start-checkstatus
2026-01-07T15:04:10.540Z [info] jobs check start
2026-01-07T15:04:10.541Z [info] FUXA started!
2026-01-07T15:04:11.869Z [info] alarmsstorage.connected-to /usr/src/app/FUXA/server/_appdata/alarms.fuxap.db database.
2026-01-07T15:04:11.882Z [info] alarms.alarmstorage-init-successful!
2026-01-07T15:04:13.012Z [info] [Node-RED] Started at /nodered
2026-01-07T15:04:13.014Z [info] WebServer is running http://127.0.0.1:1881/
