2026-01-07T18:58:52.456Z [info] FUXA V.1.2.8-2638
2026-01-07T18:58:52.461Z [info] daqstorage: init successful!
2026-01-07T18:58:52.938Z [info] api: init successful!
2026-01-07T18:58:52.941Z [info] plugin-installed ads-client 2.1.0
2026-01-07T18:58:52.941Z [info] plugin-installed node-opcua 2.149.0
2026-01-07T18:58:52.942Z [info] plugin-installed modbus-serial 8.0.19
2026-01-07T18:58:52.942Z [info] plugin-installed node-bacnet 0.2.4
2026-01-07T18:58:52.942Z [info] plugin-installed odbc 2.4.9
2026-01-07T18:58:52.942Z [info] plugin-installed node-red 4.1.1
2026-01-07T18:58:52.942Z [info] runtime init plugins successful!
2026-01-07T18:58:52.943Z [info] currentstorage.connected-to /usr/src/app/FUXA/server/_db/currentTagReadings.db database
2026-01-07T18:58:52.944Z [info] prjstorage.connected-to /usr/src/app/FUXA/server/_appdata/project.fuxap.db database
2026-01-07T18:58:52.944Z [info] usrstorage.connected /usr/src/app/FUXA/server/_appdata/users.fuxap.db database
2026-01-07T18:58:52.944Z [info] apiKeysStorage.connected /usr/src/app/FUXA/server/_appdata/apikeys.fuxap.db database
2026-01-07T18:58:52.967Z [info] apikeys.apiKeysStorage-init successful!
2026-01-07T18:58:52.967Z [info] runtime init apiKeys successful!
2026-01-07T18:58:52.967Z [info] currentstorage init successful!
2026-01-07T18:58:52.972Z [info] runtime init scheduler services successful!
2026-01-07T18:58:52.974Z [info] users.usrstorage-init successful!
2026-01-07T18:58:53.069Z [info] project.prjstorage-init-successful!
2026-01-07T18:58:53.071Z [info] users.usrstorage-set-default successful!
2026-01-07T18:58:53.072Z [info] runtime init users successful!
2026-01-07T18:58:53.073Z [info] project.prjstorage-set-default-successful!
2026-01-07T18:58:53.073Z [info] runtime init project successful!
2026-01-07T18:58:53.073Z [info] FUXA init in  631ms.
2026-01-07T18:58:53.077Z [info] daqstorage reset!
2026-01-07T18:58:53.077Z [info] alarms check start
2026-01-07T18:58:53.077Z [info] notificator check start
2026-01-07T18:58:53.077Z [info] scripts.start-checkstatus
2026-01-07T18:58:53.077Z [info] jobs check start
2026-01-07T18:58:53.078Z [info] FUXA started!
2026-01-07T18:58:54.088Z [info] alarmsstorage.connected-to /usr/src/app/FUXA/server/_appdata/alarms.fuxap.db database.
2026-01-07T18:58:54.093Z [info] alarms.alarmstorage-init-successful!
2026-01-07T18:58:54.115Z [info] [Node-RED] Started at /nodered
2026-01-07T18:58:54.117Z [info] WebServer is running http://127.0.0.1:1881/
2026-01-07T19:10:11.491Z [info] socket.io client connected aELX8obdd0ga3Z0QAAAC
