2026-01-07T15:10:03.487Z [info] FUXA V.1.2.8-2638
2026-01-07T15:10:03.500Z [info] daqstorage: init successful!
2026-01-07T15:10:04.182Z [info] api: init successful!
2026-01-07T15:10:04.188Z [info] plugin-installed ads-client 2.1.0
2026-01-07T15:10:04.189Z [info] plugin-installed node-opcua 2.149.0
2026-01-07T15:10:04.189Z [info] plugin-installed modbus-serial 8.0.19
2026-01-07T15:10:04.189Z [info] plugin-installed node-bacnet 0.2.4
2026-01-07T15:10:04.189Z [info] plugin-installed odbc 2.4.9
2026-01-07T15:10:04.189Z [info] plugin-installed node-red 4.1.1
2026-01-07T15:10:04.190Z [info] runtime init plugins successful!
2026-01-07T15:10:04.191Z [info] currentstorage.connected-to /usr/src/app/FUXA/server/_db/currentTagReadings.db database
2026-01-07T15:10:04.193Z [info] apiKeysStorage.connected /usr/src/app/FUXA/server/_appdata/apikeys.fuxap.db database
2026-01-07T15:10:04.195Z [info] usrstorage.connected /usr/src/app/FUXA/server/_appdata/users.fuxap.db database
2026-01-07T15:10:04.195Z [info] prjstorage.connected-to /usr/src/app/FUXA/server/_appdata/project.fuxap.db database
2026-01-07T15:10:04.200Z [info] currentstorage init successful!
2026-01-07T15:10:04.268Z [info] apikeys.apiKeysStorage-init successful!
2026-01-07T15:10:04.268Z [info] runtime init apiKeys successful!
2026-01-07T15:10:04.278Z [info] runtime init scheduler services successful!
2026-01-07T15:10:04.280Z [info] users.usrstorage-init successful!
2026-01-07T15:10:04.450Z [info] project.prjstorage-init-successful!
2026-01-07T15:10:04.452Z [info] users.usrstorage-set-default successful!
2026-01-07T15:10:04.452Z [info] runtime init users successful!
2026-01-07T15:10:04.455Z [info] project.prjstorage-set-default-successful!
2026-01-07T15:10:04.455Z [info] runtime init project successful!
2026-01-07T15:10:04.455Z [info] FUXA init in  985ms.
2026-01-07T15:10:04.459Z [info] daqstorage reset!
2026-01-07T15:10:04.459Z [info] alarms check start
2026-01-07T15:10:04.459Z [info] notificator check start
2026-01-07T15:10:04.459Z [info] scripts.start-checkstatus
2026-01-07T15:10:04.459Z [info] jobs check start
2026-01-07T15:10:04.460Z [info] FUXA started!
2026-01-07T15:10:05.784Z [info] alarmsstorage.connected-to /usr/src/app/FUXA/server/_appdata/alarms.fuxap.db database.
2026-01-07T15:10:06.189Z [info] alarms.alarmstorage-init-successful!
2026-01-07T15:10:06.329Z [info] [Node-RED] Started at /nodered
2026-01-07T15:10:06.331Z [info] WebServer is running http://127.0.0.1:1881/
